INFO - 2023-11-24 09:27:54 --> Session: Class initialized using 'CodeIgniter\Session\Handlers\FileHandler' driver.
INFO - 2023-11-24 09:28:05 --> Session: Class initialized using 'CodeIgniter\Session\Handlers\FileHandler' driver.
WARNING - 2023-11-24 09:28:06 --> [DEPRECATED] Creation of dynamic property App\Models\Mglobal::$session is deprecated in APPPATH\Models\Mglobal.php on line 18.
 1 APPPATH\Controllers\Login.php(52): App\Models\Mglobal->__construct()
 2 SYSTEMPATH\CodeIgniter.php(942): App\Controllers\Login->validar_usuario()
 3 SYSTEMPATH\CodeIgniter.php(502): CodeIgniter\CodeIgniter->runController(Object(App\Controllers\Login))
 4 SYSTEMPATH\CodeIgniter.php(361): CodeIgniter\CodeIgniter->handleRequest(null, Object(Config\Cache), false)
 5 FCPATH\index.php(79): CodeIgniter\CodeIgniter->run()
INFO - 2023-11-24 09:28:06 --> Session: Class initialized using 'CodeIgniter\Session\Handlers\FileHandler' driver.
INFO - 2023-11-24 09:28:07 --> Session: Class initialized using 'CodeIgniter\Session\Handlers\FileHandler' driver.
WARNING - 2023-11-24 09:28:08 --> [DEPRECATED] Creation of dynamic property App\Models\Mglobal::$session is deprecated in APPPATH\Models\Mglobal.php on line 18.
 1 APPPATH\Controllers\Inicio.php(51): App\Models\Mglobal->__construct()
 2 SYSTEMPATH\CodeIgniter.php(942): App\Controllers\Inicio->getPrincipal()
 3 SYSTEMPATH\CodeIgniter.php(502): CodeIgniter\CodeIgniter->runController(Object(App\Controllers\Inicio))
 4 SYSTEMPATH\CodeIgniter.php(361): CodeIgniter\CodeIgniter->handleRequest(null, Object(Config\Cache), false)
 5 FCPATH\index.php(79): CodeIgniter\CodeIgniter->run()
INFO - 2023-11-24 09:28:36 --> Session: Class initialized using 'CodeIgniter\Session\Handlers\FileHandler' driver.
WARNING - 2023-11-24 09:28:36 --> [DEPRECATED] Creation of dynamic property App\Models\Mglobal::$session is deprecated in APPPATH\Models\Mglobal.php on line 18.
 1 APPPATH\Controllers\Agregar.php(132): App\Models\Mglobal->__construct()
 2 SYSTEMPATH\CodeIgniter.php(942): App\Controllers\Agregar->index()
 3 SYSTEMPATH\CodeIgniter.php(502): CodeIgniter\CodeIgniter->runController(Object(App\Controllers\Agregar))
 4 SYSTEMPATH\CodeIgniter.php(361): CodeIgniter\CodeIgniter->handleRequest(null, Object(Config\Cache), false)
 5 FCPATH\index.php(79): CodeIgniter\CodeIgniter->run()
INFO - 2023-11-24 09:52:37 --> Session: Class initialized using 'CodeIgniter\Session\Handlers\FileHandler' driver.
WARNING - 2023-11-24 09:52:37 --> [DEPRECATED] Creation of dynamic property App\Models\Mglobal::$session is deprecated in APPPATH\Models\Mglobal.php on line 18.
 1 APPPATH\Controllers\Agregar.php(132): App\Models\Mglobal->__construct()
 2 SYSTEMPATH\CodeIgniter.php(942): App\Controllers\Agregar->index()
 3 SYSTEMPATH\CodeIgniter.php(502): CodeIgniter\CodeIgniter->runController(Object(App\Controllers\Agregar))
 4 SYSTEMPATH\CodeIgniter.php(361): CodeIgniter\CodeIgniter->handleRequest(null, Object(Config\Cache), false)
 5 FCPATH\index.php(79): CodeIgniter\CodeIgniter->run()
